Change component parameters. Clean all parameters for all variants
Change component parameters (AddParameter): Name = ""; Value = ""; VariantName = "[No Variations]"
Change component parameters. Clean all parameters for all variants
Change component parameters (AddParameter): Name = ""; Value = ""; VariantName = "[No Variations]"
Change component parameters. Clean all parameters for all variants
Change component parameters (AddParameter): Name = ""; Value = ""; VariantName = "[No Variations]"
Change component parameters. Clean all parameters for all variants
Change component parameters (AddParameter): Name = ""; Value = ""; VariantName = "[No Variations]"
Change component parameters. Clean all parameters for all variants
Change component parameters (AddParameter): Name = ""; Value = ""; VariantName = "[No Variations]"
Change component parameters. Clean all parameters for all variants
Change component parameters (AddParameter): Name = ""; Value = ""; VariantName = "[No Variations]"
Change component parameters. Clean all parameters for all variants
Change component parameters (AddParameter): Name = ""; Value = ""; VariantName = "[No Variations]"
Change component parameters. Clean all parameters for all variants
Change component parameters (AddParameter): Name = ""; Value = ""; VariantName = "[No Variations]"
Change component parameters. Clean all parameters for all variants
Change component parameters (AddParameter): Name = ""; Value = ""; VariantName = "[No Variations]"
Change component parameters. Clean all parameters for all variants
Change component parameters (AddParameter): Name = ""; Value = ""; VariantName = "[No Variations]"
Change component parameters. Clean all parameters for all variants
Change component parameters (AddParameter): Name = ""; Value = ""; VariantName = "[No Variations]"
Change component parameters. Clean all parameters for all variants
Change component parameters (AddParameter): Name = ""; Value = ""; VariantName = "[No Variations]"
Change component parameters. Clean all parameters for all variants
Change component parameters (AddParameter): Name = ""; Value = ""; VariantName = "[No Variations]"
Change component parameters. Clean all parameters for all variants
Change component parameters (AddParameter): Name = ""; Value = ""; VariantName = "[No Variations]"
Change component parameters. Clean all parameters for all variants
Change component parameters (AddParameter): Name = ""; Value = ""; VariantName = "[No Variations]"
Change component parameters. Clean all parameters for all variants
Change component parameters (AddParameter): Name = ""; Value = ""; VariantName = "[No Variations]"
Added Component: Designator=AMS1117(AMS1117-3.3)
Add component. Clean all parameters for all variants
Added Component: Designator=GND(IDC16)
Add component. Clean all parameters for all variants
Added Component: Designator=VCC(IDC16)
Add component. Clean all parameters for all variants
Added Pin To Net: NetName=GND Pin=AMS1117-1
Added Pin To Net: NetName=GND Pin=AMS1117-1
Added Pin To Net: NetName=VCC Pin=AMS1117-2
Added Pin To Net: NetName=GND Pin=GND-1
Added Pin To Net: NetName=GND Pin=GND-2
Added Pin To Net: NetName=GND Pin=GND-3
Added Pin To Net: NetName=GND Pin=GND-4
Added Pin To Net: NetName=GND Pin=GND-5
Added Pin To Net: NetName=GND Pin=GND-6
Added Pin To Net: NetName=GND Pin=GND-7
Added Pin To Net: NetName=GND Pin=GND-8
Added Pin To Net: NetName=GND Pin=GND-9
Added Pin To Net: NetName=GND Pin=GND-10
Added Pin To Net: NetName=GND Pin=GND-11
Added Pin To Net: NetName=GND Pin=GND-12
Added Pin To Net: NetName=GND Pin=GND-13
Added Pin To Net: NetName=GND Pin=GND-14
Added Pin To Net: NetName=GND Pin=GND-15
Added Pin To Net: NetName=GND Pin=GND-16
Added Pin To Net: NetName=VCC Pin=VCC-1
Added Pin To Net: NetName=VCC Pin=VCC-2
Added Pin To Net: NetName=VCC Pin=VCC-3
Added Pin To Net: NetName=VCC Pin=VCC-4
Added Pin To Net: NetName=VCC Pin=VCC-5
Added Pin To Net: NetName=VCC Pin=VCC-6
Added Pin To Net: NetName=VCC Pin=VCC-7
Added Pin To Net: NetName=VCC Pin=VCC-8
Added Pin To Net: NetName=VCC Pin=VCC-9
Added Pin To Net: NetName=VCC Pin=VCC-10
Added Pin To Net: NetName=VCC Pin=VCC-11
Added Pin To Net: NetName=VCC Pin=VCC-12
Added Pin To Net: NetName=VCC Pin=VCC-13
Added Pin To Net: NetName=VCC Pin=VCC-14
Added Pin To Net: NetName=VCC Pin=VCC-15
Added Pin To Net: NetName=VCC Pin=VCC-16
Added Pin To Net: NetName=Battery Pin=AMS1117-3
Added Net: Name=Battery
Added Net: Name=NetC1_1
Added Pin To Net: NetName=NetWS1_4 Pin=WS1-4
Added Net: Name=NetWS1_4
Added Member To Class: ClassName=LEDRing Member=Component AMS1117
Added Member To Class: ClassName=LEDRing Member=Component GND 16PIN
Added Member To Class: ClassName=LEDRing Member=Component VCC 16PIN
Added Room: Name=LEDRing
