Removed Pin From Net: NetName=GND Pin=GND-1
Removed Pin From Net: NetName=GND Pin=GND-2
Removed Pin From Net: NetName=GND Pin=GND-3
Removed Pin From Net: NetName=GND Pin=GND-4
Removed Pin From Net: NetName=GND Pin=GND-5
Removed Pin From Net: NetName=GND Pin=GND-6
Removed Pin From Net: NetName=GND Pin=GND-7
Removed Pin From Net: NetName=GND Pin=GND-8
Removed Pin From Net: NetName=GND Pin=GND-9
Removed Pin From Net: NetName=GND Pin=GND-10
Removed Pin From Net: NetName=VCC Pin=VCC-1
Removed Pin From Net: NetName=VCC Pin=VCC-2
Removed Pin From Net: NetName=VCC Pin=VCC-3
Removed Pin From Net: NetName=VCC Pin=VCC-4
Removed Pin From Net: NetName=VCC Pin=VCC-5
Removed Pin From Net: NetName=VCC Pin=VCC-6
Removed Pin From Net: NetName=VCC Pin=VCC-7
Removed Pin From Net: NetName=VCC Pin=VCC-8
Removed Pin From Net: NetName=VCC Pin=VCC-9
Removed Pin From Net: NetName=VCC Pin=VCC-10
Added Component: Designator=GND(HDR1X10)
Add component. Clean all parameters for all variants
Added Component: Designator=VCC(HDR1X10)
Add component. Clean all parameters for all variants
Added Pin To Net: NetName=GND Pin=GND-1
Added Pin To Net: NetName=GND Pin=GND-2
Added Pin To Net: NetName=GND Pin=GND-3
Added Pin To Net: NetName=GND Pin=GND-4
Added Pin To Net: NetName=GND Pin=GND-5
Added Pin To Net: NetName=GND Pin=GND-6
Added Pin To Net: NetName=GND Pin=GND-7
Added Pin To Net: NetName=GND Pin=GND-8
Added Pin To Net: NetName=GND Pin=GND-9
Added Pin To Net: NetName=GND Pin=GND-10
Added Pin To Net: NetName=VCC Pin=VCC-1
Added Pin To Net: NetName=VCC Pin=VCC-2
Added Pin To Net: NetName=VCC Pin=VCC-3
Added Pin To Net: NetName=VCC Pin=VCC-4
Added Pin To Net: NetName=VCC Pin=VCC-5
Added Pin To Net: NetName=VCC Pin=VCC-6
Added Pin To Net: NetName=VCC Pin=VCC-7
Added Pin To Net: NetName=VCC Pin=VCC-8
Added Pin To Net: NetName=VCC Pin=VCC-9
Added Pin To Net: NetName=VCC Pin=VCC-10
Added Member To Class: ClassName=LEDRing Member=Component T-Head
Added Room: Name=LEDRing
